28/9/2019-12:21:47:982	221589354	Fond Du Lac Weather	FondDuLacWI	43.77	-88.45	Fond du Lac
28/9/2019-12:23:32:844	47634982	amanda gratiana s	AmandaSoekasah	-6.23148	106.80782	Kebayoran Baru
28/9/2019-12:24:42:883	722650240566837200	Ley Tumlos-Castillo	lmotcastillo	14.4177	120.9711	Bacoor
28/9/2019-12:26:44:632	35701859	Bogdan Tzigan	bogdantzigan	46.17712075	21.32300913	Arad
28/9/2019-12:27:3:957	912948955331182600	JZT_JYOTIII'S	JZT_JYOTIII	26.9167	75.8167	Jaipur
28/9/2019-12:28:27:923	15184008	darrell 	engelbrechtd	-26.05217266	28.05987816	Sandton
28/9/2019-12:28:44:927	823257026847330300	Namakool.in	namakoolin	30.6911	76.8486	Panchkula
28/9/2019-12:31:13:102	1076937209863901200	wearetravelgays	wearetravelgays	-33.86751	151.20797	Sydney
28/9/2019-12:31:53:401	56821622	Brydie Bruce	BrydieBruce	39.5687	2.6509	Palma
28/9/2019-12:32:50:156	19616670	De Vallion Piper	eodelt81	22.57177232	120.33989281	Kaohsiung City
28/9/2019-12:33:12:405	1257233102	Donald Lippert	BishopMendi	-6.5	144.2	Papua New Guinea
28/9/2019-12:33:14:811	29514156	Iron Shiek	IronShiekWu	33.9137803	-118.3372914	Hawthorne
29/9/2019-23:54:9:975	1133419247617695700	every lane philly	everylanephilly	40.03605664	-75.10396614	Philadelphia
29/9/2019-23:55:36:13	14966647	Sally Lynn MacDonald	sl_macdonald	41.488002	-71.312622	Newport
29/9/2019-23:55:49:144	266013016	Marcelle Joseph	marcellejoseph	45.07141912	7.68539994	Turin
29/9/2019-23:56:50:493	21388125	Amy Harber/Earth-1 Supergirl 👽🦄🍾🎬💄	AmyHarber	33.9430514	-118.40358176	Los Angeles
30/9/2019-0:0:31:378	2980428312	Wine Rack	WineRackCareers	42.9869502	-81.243177	London
30/9/2019-0:0:31:447	729121218	Corner Galley	CornerGalley	40.6683222	-73.4372885	East Massapequa
30/9/2019-0:0:31:990	25354283	TMJ-CTG Nursing Jobs	tmj_ctg_nursing	41.4849269	-73.2057595	Southbury
30/9/2019-0:34:42:576	18883401	Liam Mayclem🌈	liammayclem	38.51021738	-122.80577969	California
30/9/2019-0:34:45:391	22873458	TMJ-HI Nursing Jobs	tmj_hi_nursing	21.9811111	-159.3711111	Lihue
30/9/2019-0:34:45:404	22720891	TM-FRE Health Jobs	tmj_fre_health	36.9754732	-120.0725396	Madera
30/9/2019-0:35:12:447	24249852	Tammy	tksb15	18.975	72.8258	Mumbai
30/9/2019-0:43:55:776	37520067	Worldwide IT Jobs	tmj_itjobs	12.9765944	77.5992708	Bengaluru
30/9/2019-0:44:32:81	174926431	Abigail Stricker	abbystricker	28.4659807	-81.471777	Orlando
30/9/2019-0:44:40:7	249696205	Van Cortlandt House	VCHMNYC	40.89124376	-73.89497257	Bronx
30/9/2019-0:48:11:241	236737203	Gil Guardado	gil_guardado	36.07144559	-115.19389122	Enterprise
30/9/2019-0:48:55:645	99442283	TMJ-CAO IT Adm. Jobs	tmj_CAO_adm	33.7004664	-117.9557452	Fountain Valley
30/9/2019-0:52:40:276	280394506	Stephanie A. W. Martin	stephawmartin	41.6558	-91.525	Iowa City
30/9/2019-0:52:42:33	21126433	KeysDAN	KeysDAN	35.08727069	-92.42989343	Conway
30/9/2019-0:53:59:456	428705657	Michael Pearl	Pastor_MikeP	39.24830833	-84.45997658	Lincoln Heights
30/9/2019-0:54:1:122	1182715621	Chain of Hope UK	ChainofHopeUK	51.4973412	-0.1565302	Kensington
30/9/2019-0:55:52:241	130833948	OttoB Letsholo	OttoB_	-25.7533	28.1869	Pretoria
30/9/2019-0:55:59:191	1083795399268196400	Hawthorn Senior Living	HawthornRet	50.4411391	-104.5480971	Regina
30/9/2019-0:57:22:197	102756419	Bara Menyn	Baramenyn	51.3084694	-0.5660439	Woking
30/9/2019-0:58:6:261	61174865	Stephen K Amos	stephenkamos	51.4646	-0.1705	Wandsworth
30/9/2019-0:58:58:245	113390427	TMJ-OKA Bank Jobs	tmj_OKA_banking	41.3144966	-81.83569	Strongsville
30/9/2019-1:0:3:581	1055819809	Melissa Powers	MelissaPowersTN	36.5297	-87.3592	Clarksville
30/9/2019-1:0:9:345	64532868	Ottawa Family Cinema	ottfamilycinema	45.3792	-75.756	Ottawa
30/9/2019-1:0:58:895	742874257168859100	JCS Ballet Academy	JCSBalletAcad	25.65633367	-80.425179	The Hammocks
30/9/2019-1:1:18:56	152840077	Weather	_MorenoValleyCA	33.92	-117.27	Moreno Valley
30/9/2019-1:1:27:731	26771043	TMJ-GRN Labor Jobs	tmj_grn_labor	34.9803527	-81.9425701	Spartanburg
30/9/2019-1:1:27:734	23365453	TMJ-SDF Engin. Jobs	tmj_sdf_eng	38.2586184	-85.5457689	Anchorage
30/9/2019-1:12:0:276	239156184	Bossfamladya	BOSSFAMLADYA	34.07347	-118.40033	Beverly Hills
30/9/2019-1:12:15:253	1154480282	Jamzley	Mar_V3lbayly	40.6539	-73.587	Freeport
30/9/2019-1:12:48:205	265189620	Hidanas	Hiddanas	35.213507	-81.293728	North Carolina
30/9/2019-1:14:42:230	297614760	christopher Monje	chrismonje	33.6328533	-117.9294728	Costa Mesa
30/9/2019-1:14:46:197	2820409627	MedExpress Jobs	MedExpressJobs	38.4495688	-78.8689155	Harrisonburg
30/9/2019-1:15:15:361	23371789	TMJ-HON Engin. Jobs	tmj_hon_eng	21.3069444	-157.8583333	Honolulu
30/9/2019-1:15:26:25	366352758	Monroe Cosmotology	tmj_LAM_cosmo	32.4991424	-92.0674401	Monroe
30/9/2019-1:17:3:447	824637752574488600	Seen on OLIO	WhatsOnOLIO	51.521832	-0.039356	Poplar
30/9/2019-1:17:21:699	88290897	TMJ-OK HRTA Jobs	tmj_ok_hrta	35.2455396	-97.4849721	Norman
30/9/2019-1:18:18:349	59989886	TMJ-VT Retail Jobs	tmj_vt_retail	43.2984078	-72.4823117	Springfield
30/9/2019-1:18:27:258	120114199	TMJ-AR Security Jobs	tmj_AR_secure	36.2553543	-94.1307587	Lowell
30/9/2019-1:19:18:210	67475603	Dale Sidebottom	Dale_SideyNW	54.9881	-1.61944	Newcastle Upon Tyne
30/9/2019-1:23:54:871	1019515933956673500	EllasApparel Home of Fashion	Ellasapparel1	6.6128	3.576	Lagos
30/9/2019-1:26:22:367	136217820	Myalleshop	viola0561	45.28624	8.99307	Motta Visconti
